Using pre-set license
Built from '2020.3/release' branch; Version is '2020.3.1f1 (77a89f25062f) revision 7841951'; Using compiler version '192528614'; Build Type 'Release'
OS: 'Windows 10 Home; OS build 19042.868; Version 2009; 64bit' Language: 'en' Physical Memory: 16177 MB
BatchMode: 1, IsHumanControllingUs: 0, StartBugReporterOnCrash: 0, Is64bit: 1, IsPro: 0

 COMMAND LINE ARGUMENTS:
C:\Program Files\Unity\Hub\Editor\2020.3.1f1\Editor\Unity.exe
-adb2
-batchMode
-noUpm
-name
AssetImportWorker0
-projectPath
C:/Users/rmdoo/Desktop/program/git hub/OptimizationPrototype1/OptiGameProto1
-logFile
Logs/AssetImportWorker0.log
-srvPort
63301
Successfully changed project path to: C:/Users/rmdoo/Desktop/program/git hub/OptimizationPrototype1/OptiGameProto1
C:/Users/rmdoo/Desktop/program/git hub/OptimizationPrototype1/OptiGameProto1
Using Asset Import Pipeline V2.
Refreshing native plugins compatible for Editor in 35.39 ms, found 1 plugins.
Preloading 0 native plugins for Editor in 0.00 ms.
Initialize engine version: 2020.3.1f1 (77a89f25062f)
[Subsystems] Discovering subsystems at path C:/Program Files/Unity/Hub/Editor/2020.3.1f1/Editor/Data/Resources/UnitySubsystems
[Subsystems] Discovering subsystems at path C:/Users/rmdoo/Desktop/program/git hub/OptimizationPrototype1/OptiGameProto1/Assets
GfxDevice: creating device client; threaded=0
Direct3D:
    Version:  Direct3D 11.0 [level 11.1]
    Renderer: NVIDIA GeForce RTX 2060 (ID=0x1f11)
    Vendor:   
    VRAM:     5980 MB
    Driver:   27.21.14.5687
Initialize mono
Mono path[0] = 'C:/Program Files/Unity/Hub/Editor/2020.3.1f1/Editor/Data/Managed'
Mono path[1] = 'C:/Program Files/Unity/Hub/Editor/2020.3.1f1/Editor/Data/MonoBleedingEdge/lib/mono/unityjit'
Mono config path = 'C:/Program Files/Unity/Hub/Editor/2020.3.1f1/Editor/Data/MonoBleedingEdge/etc'
Using monoOptions --debugger-agent=transport=dt_socket,embedding=1,server=y,suspend=n,address=127.0.0.1:56040
Begin MonoManager ReloadAssembly
Registering precompiled unity dll's ...
Register platform support module: C:/Program Files/Unity/Hub/Editor/2020.3.1f1/Editor/Data/PlaybackEngines/WindowsStandaloneSupport/UnityEditor.WindowsStandalone.Extensions.dll
Registered in 0.002613 seconds.
Native extension for WindowsStandalone target not found
Refreshing native plugins compatible for Editor in 32.10 ms, found 1 plugins.
Preloading 0 native plugins for Editor in 0.00 ms.
Invoked RoslynAnalysisRunner static constructor.
RoslynAnalysisRunner will not be running.
RoslynAnalysisRunner has terminated.
Mono: successfully reloaded assembly
- Completed reload, in  1.137 seconds
Platform modules already initialized, skipping
Registering precompiled user dll's ...
Registered in 0.001281 seconds.
Begin MonoManager ReloadAssembly
Native extension for WindowsStandalone target not found
Refreshing native plugins compatible for Editor in 34.22 ms, found 1 plugins.
Preloading 0 native plugins for Editor in 0.00 ms.
Invoked RoslynAnalysisRunner static constructor.
RoslynAnalysisRunner will not be running.
RoslynAnalysisRunner has terminated.
Mono: successfully reloaded assembly
- Completed reload, in  0.885 seconds
Platform modules already initialized, skipping
========================================================================
Worker process is ready to serve import requests
Launched and connected shader compiler UnityShaderCompiler.exe after 0.11 seconds
Refreshing native plugins compatible for Editor in 0.31 ms, found 1 plugins.
Preloading 0 native plugins for Editor in 0.00 ms.
Unloading 1811 Unused Serialized files (Serialized files now loaded: 0)
System memory in use before: 85.4 MB.
System memory in use after: 85.3 MB.

Unloading 24 unused Assets to reduce memory usage. Loaded Objects now: 2255.
Total: 2.137800 ms (FindLiveObjects: 0.165000 ms CreateObjectMapping: 0.066700 ms MarkObjects: 1.796800 ms  DeleteObjects: 0.108400 ms)

========================================================================
Received Import Request.
  path: Assets/Prefabs/SkyPlatform.prefab
  artifactKey: Guid(7921e2a86b8780e45a32b7e83919d6be) Importer(815301076,1909f56bfc062723c751e8b465ee728b)
Start importing Assets/Prefabs/SkyPlatform.prefab using Guid(7921e2a86b8780e45a32b7e83919d6be) Importer(815301076,1909f56bfc062723c751e8b465ee728b)  -> (artifact id: '5ff96abab2f892f575ef5f44785159c0') in 0.838926 seconds
  Import took 0.841623 seconds .

========================================================================
Received Import Request.
  Time since last request: 7.479189 seconds.
  path: Assets/Prefabs/SkyPlatform.prefab
  artifactKey: Guid(7921e2a86b8780e45a32b7e83919d6be) Importer(815301076,1909f56bfc062723c751e8b465ee728b)
Start importing Assets/Prefabs/SkyPlatform.prefab using Guid(7921e2a86b8780e45a32b7e83919d6be) Importer(815301076,1909f56bfc062723c751e8b465ee728b)  -> (artifact id: '92f1d44b05930f05d60d7bf69380dfca') in 0.014183 seconds
  Import took 0.017282 seconds .

========================================================================
Received Import Request.
  Time since last request: 9.226720 seconds.
  path: Assets/Prefabs/SkyPlatform.prefab
  artifactKey: Guid(7921e2a86b8780e45a32b7e83919d6be) Importer(815301076,1909f56bfc062723c751e8b465ee728b)
Start importing Assets/Prefabs/SkyPlatform.prefab using Guid(7921e2a86b8780e45a32b7e83919d6be) Importer(815301076,1909f56bfc062723c751e8b465ee728b)  -> (artifact id: 'ff82f3fe4c36985e66b322aa72e536c5') in 0.017822 seconds
  Import took 0.021614 seconds .

========================================================================
Received Import Request.
  Time since last request: 5.715073 seconds.
  path: Assets/Prefabs/SkyPlatform.prefab
  artifactKey: Guid(7921e2a86b8780e45a32b7e83919d6be) Importer(815301076,1909f56bfc062723c751e8b465ee728b)
Start importing Assets/Prefabs/SkyPlatform.prefab using Guid(7921e2a86b8780e45a32b7e83919d6be) Importer(815301076,1909f56bfc062723c751e8b465ee728b)  -> (artifact id: '65d6db0666d11cf27adebe7593182ac4') in 0.017008 seconds
  Import took 0.020556 seconds .

========================================================================
Received Import Request.
  Time since last request: 3.816399 seconds.
  path: Assets/Prefabs/SkyPlatform.prefab
  artifactKey: Guid(7921e2a86b8780e45a32b7e83919d6be) Importer(815301076,1909f56bfc062723c751e8b465ee728b)
Start importing Assets/Prefabs/SkyPlatform.prefab using Guid(7921e2a86b8780e45a32b7e83919d6be) Importer(815301076,1909f56bfc062723c751e8b465ee728b)  -> (artifact id: '60d2ac0f3ff7da4e2f6fd4ef07d0de38') in 0.014159 seconds
  Import took 0.017104 seconds .

========================================================================
Received Import Request.
  Time since last request: 9.950266 seconds.
  path: Assets/Prefabs/SkyPlatform.prefab
  artifactKey: Guid(7921e2a86b8780e45a32b7e83919d6be) Importer(815301076,1909f56bfc062723c751e8b465ee728b)
Start importing Assets/Prefabs/SkyPlatform.prefab using Guid(7921e2a86b8780e45a32b7e83919d6be) Importer(815301076,1909f56bfc062723c751e8b465ee728b)  -> (artifact id: '8bca2c79db2c62da6a5667552ad4df5e') in 0.014673 seconds
  Import took 0.017773 seconds .

========================================================================
Received Import Request.
  Time since last request: 2.086600 seconds.
  path: Assets/Prefabs/SkyPlatform.prefab
  artifactKey: Guid(7921e2a86b8780e45a32b7e83919d6be) Importer(815301076,1909f56bfc062723c751e8b465ee728b)
Start importing Assets/Prefabs/SkyPlatform.prefab using Guid(7921e2a86b8780e45a32b7e83919d6be) Importer(815301076,1909f56bfc062723c751e8b465ee728b)  -> (artifact id: 'b1a3be6fb5ef00d514e6e0bd899d5c9d') in 0.016358 seconds
  Import took 0.020570 seconds .

========================================================================
Received Import Request.
  Time since last request: 10.494555 seconds.
  path: Assets/Prefabs/SkyPlatform.prefab
  artifactKey: Guid(7921e2a86b8780e45a32b7e83919d6be) Importer(815301076,1909f56bfc062723c751e8b465ee728b)
Start importing Assets/Prefabs/SkyPlatform.prefab using Guid(7921e2a86b8780e45a32b7e83919d6be) Importer(815301076,1909f56bfc062723c751e8b465ee728b)  -> (artifact id: 'fc1423a50bb689ab978f21224aad55aa') in 0.014386 seconds
  Import took 0.018255 seconds .

========================================================================
Received Import Request.
  Time since last request: 6.479384 seconds.
  path: Assets/Prefabs/SkyPlatform.prefab
  artifactKey: Guid(7921e2a86b8780e45a32b7e83919d6be) Importer(815301076,1909f56bfc062723c751e8b465ee728b)
Start importing Assets/Prefabs/SkyPlatform.prefab using Guid(7921e2a86b8780e45a32b7e83919d6be) Importer(815301076,1909f56bfc062723c751e8b465ee728b)  -> (artifact id: '884ece3a03ffe7cd82d39baba65bd64c') in 0.013581 seconds
  Import took 0.016661 seconds .

========================================================================
Received Import Request.
  Time since last request: 2.003555 seconds.
  path: Assets/Prefabs/SkyPlatform.prefab
  artifactKey: Guid(7921e2a86b8780e45a32b7e83919d6be) Importer(815301076,1909f56bfc062723c751e8b465ee728b)
Start importing Assets/Prefabs/SkyPlatform.prefab using Guid(7921e2a86b8780e45a32b7e83919d6be) Importer(815301076,1909f56bfc062723c751e8b465ee728b)  -> (artifact id: 'ff4c63dc6456eae639fa53d548c53312') in 0.013944 seconds
  Import took 0.017728 seconds .

========================================================================
Received Import Request.
  Time since last request: 2.612329 seconds.
  path: Assets/Prefabs/SkyPlatform.prefab
  artifactKey: Guid(7921e2a86b8780e45a32b7e83919d6be) Importer(815301076,1909f56bfc062723c751e8b465ee728b)
Start importing Assets/Prefabs/SkyPlatform.prefab using Guid(7921e2a86b8780e45a32b7e83919d6be) Importer(815301076,1909f56bfc062723c751e8b465ee728b)  -> (artifact id: '756cf55991b2632754afbb0389364c27') in 0.015112 seconds
  Import took 0.039963 seconds .

========================================================================
Received Import Request.
  Time since last request: 14.505400 seconds.
  path: Assets/Prefabs/SkyPlatform.prefab
  artifactKey: Guid(7921e2a86b8780e45a32b7e83919d6be) Importer(815301076,1909f56bfc062723c751e8b465ee728b)
Start importing Assets/Prefabs/SkyPlatform.prefab using Guid(7921e2a86b8780e45a32b7e83919d6be) Importer(815301076,1909f56bfc062723c751e8b465ee728b)  -> (artifact id: 'f28b41cfdd782a07cffd43d126da598f') in 0.015165 seconds
  Import took 0.019157 seconds .

========================================================================
Received Prepare
Registering precompiled user dll's ...
Registered in 0.001300 seconds.
Begin MonoManager ReloadAssembly
Native extension for WindowsStandalone target not found
Refreshing native plugins compatible for Editor in 0.30 ms, found 1 plugins.
Preloading 0 native plugins for Editor in 0.00 ms.
Invoked RoslynAnalysisRunner static constructor.
RoslynAnalysisRunner will not be running.
RoslynAnalysisRunner has terminated.
Mono: successfully reloaded assembly
- Completed reload, in  0.815 seconds
Platform modules already initialized, skipping
Refreshing native plugins compatible for Editor in 0.31 ms, found 1 plugins.
Preloading 0 native plugins for Editor in 0.00 ms.
Unloading 1806 Unused Serialized files (Serialized files now loaded: 0)
System memory in use before: 88.5 MB.
System memory in use after: 88.5 MB.

Unloading 12 unused Assets to reduce memory usage. Loaded Objects now: 2266.
Total: 1.800300 ms (FindLiveObjects: 0.163100 ms CreateObjectMapping: 0.055900 ms MarkObjects: 1.483600 ms  DeleteObjects: 0.096200 ms)

========================================================================
Received Import Request.
  Time since last request: 53.191653 seconds.
  path: Assets/Prefabs/SkyPlatform.prefab
  artifactKey: Guid(7921e2a86b8780e45a32b7e83919d6be) Importer(815301076,1909f56bfc062723c751e8b465ee728b)
Start importing Assets/Prefabs/SkyPlatform.prefab using Guid(7921e2a86b8780e45a32b7e83919d6be) Importer(815301076,1909f56bfc062723c751e8b465ee728b)  -> (artifact id: 'b04f1bf4ce67931a1ac28bfca28d02e1') in 0.050094 seconds
  Import took 0.052965 seconds .

========================================================================
Received Prepare
Registering precompiled user dll's ...
Registered in 0.001264 seconds.
Begin MonoManager ReloadAssembly
Native extension for WindowsStandalone target not found
Refreshing native plugins compatible for Editor in 0.42 ms, found 1 plugins.
Preloading 0 native plugins for Editor in 0.00 ms.
Invoked RoslynAnalysisRunner static constructor.
RoslynAnalysisRunner will not be running.
RoslynAnalysisRunner has terminated.
Mono: successfully reloaded assembly
- Completed reload, in  0.837 seconds
Platform modules already initialized, skipping
Refreshing native plugins compatible for Editor in 0.42 ms, found 1 plugins.
Preloading 0 native plugins for Editor in 0.00 ms.
Unloading 1806 Unused Serialized files (Serialized files now loaded: 0)
System memory in use before: 88.5 MB.
System memory in use after: 88.5 MB.

Unloading 12 unused Assets to reduce memory usage. Loaded Objects now: 2271.
Total: 2.108600 ms (FindLiveObjects: 0.168000 ms CreateObjectMapping: 0.053400 ms MarkObjects: 1.792900 ms  DeleteObjects: 0.093100 ms)

========================================================================
Received Import Request.
  Time since last request: 32.355325 seconds.
  path: Assets/Prefabs/SkyPlatform.prefab
  artifactKey: Guid(7921e2a86b8780e45a32b7e83919d6be) Importer(815301076,1909f56bfc062723c751e8b465ee728b)
Start importing Assets/Prefabs/SkyPlatform.prefab using Guid(7921e2a86b8780e45a32b7e83919d6be) Importer(815301076,1909f56bfc062723c751e8b465ee728b)  -> (artifact id: 'e70d9752f2cc731461b3b19d28f01c4d') in 0.050194 seconds
  Import took 0.053073 seconds .

========================================================================
Received Import Request.
  Time since last request: 6.310720 seconds.
  path: Assets/Prefabs/SkyPlatform.prefab
  artifactKey: Guid(7921e2a86b8780e45a32b7e83919d6be) Importer(815301076,1909f56bfc062723c751e8b465ee728b)
Start importing Assets/Prefabs/SkyPlatform.prefab using Guid(7921e2a86b8780e45a32b7e83919d6be) Importer(815301076,1909f56bfc062723c751e8b465ee728b)  -> (artifact id: '0bd02f0c94f97017261c8a33a579121e') in 0.014835 seconds
  Import took 0.018227 seconds .

========================================================================
Received Import Request.
  Time since last request: 3.297794 seconds.
  path: Assets/Prefabs/SkyPlatform.prefab
  artifactKey: Guid(7921e2a86b8780e45a32b7e83919d6be) Importer(815301076,1909f56bfc062723c751e8b465ee728b)
Start importing Assets/Prefabs/SkyPlatform.prefab using Guid(7921e2a86b8780e45a32b7e83919d6be) Importer(815301076,1909f56bfc062723c751e8b465ee728b)  -> (artifact id: '813dc84e300ddfc22c54f052ed39e31f') in 0.013932 seconds
  Import took 0.017392 seconds .

========================================================================
Received Import Request.
  Time since last request: 35.386569 seconds.
  path: Assets/Scripts/PlayerController.cs
  artifactKey: Guid(3fb1c16331e69ce458f04a943c0d8130) Importer(815301076,1909f56bfc062723c751e8b465ee728b)
Start importing Assets/Scripts/PlayerController.cs using Guid(3fb1c16331e69ce458f04a943c0d8130) Importer(815301076,1909f56bfc062723c751e8b465ee728b)  -> (artifact id: '258599d9ae9e85db35d8315b1dcce67b') in 2.071513 seconds
  Import took 2.074478 seconds .

========================================================================
Received Import Request.
  Time since last request: 303.803751 seconds.
  path: Assets/Scripts/PlayerController.cs
  artifactKey: Guid(3fb1c16331e69ce458f04a943c0d8130) Importer(815301076,1909f56bfc062723c751e8b465ee728b)
Start importing Assets/Scripts/PlayerController.cs using Guid(3fb1c16331e69ce458f04a943c0d8130) Importer(815301076,1909f56bfc062723c751e8b465ee728b)  -> (artifact id: 'ebb36f6f6c4f10ca712869e33472fb0b') in 0.005060 seconds
  Import took 0.009870 seconds .

========================================================================
Received Prepare
Registering precompiled user dll's ...
Registered in 0.030071 seconds.
Begin MonoManager ReloadAssembly
Native extension for WindowsStandalone target not found
Refreshing native plugins compatible for Editor in 0.31 ms, found 1 plugins.
Preloading 0 native plugins for Editor in 0.00 ms.
Invoked RoslynAnalysisRunner static constructor.
RoslynAnalysisRunner will not be running.
RoslynAnalysisRunner has terminated.
Mono: successfully reloaded assembly
- Completed reload, in  0.766 seconds
Platform modules already initialized, skipping
Refreshing native plugins compatible for Editor in 0.47 ms, found 1 plugins.
Preloading 0 native plugins for Editor in 0.00 ms.
Unloading 1806 Unused Serialized files (Serialized files now loaded: 0)
System memory in use before: 88.5 MB.
System memory in use after: 88.5 MB.

Unloading 12 unused Assets to reduce memory usage. Loaded Objects now: 2276.
Total: 5.068700 ms (FindLiveObjects: 0.453700 ms CreateObjectMapping: 0.199400 ms MarkObjects: 4.156400 ms  DeleteObjects: 0.257100 ms)

========================================================================
Received Prepare
Registering precompiled user dll's ...
Registered in 0.001313 seconds.
Begin MonoManager ReloadAssembly
Native extension for WindowsStandalone target not found
Refreshing native plugins compatible for Editor in 0.31 ms, found 1 plugins.
Preloading 0 native plugins for Editor in 0.00 ms.
Invoked RoslynAnalysisRunner static constructor.
RoslynAnalysisRunner will not be running.
RoslynAnalysisRunner has terminated.
Mono: successfully reloaded assembly
- Completed reload, in  0.776 seconds
Platform modules already initialized, skipping
Refreshing native plugins compatible for Editor in 0.31 ms, found 1 plugins.
Preloading 0 native plugins for Editor in 0.00 ms.
Unloading 1806 Unused Serialized files (Serialized files now loaded: 0)
System memory in use before: 88.6 MB.
System memory in use after: 88.6 MB.

Unloading 12 unused Assets to reduce memory usage. Loaded Objects now: 2280.
Total: 2.319900 ms (FindLiveObjects: 0.398300 ms CreateObjectMapping: 0.144400 ms MarkObjects: 1.607800 ms  DeleteObjects: 0.167800 ms)

========================================================================
Received Prepare
Registering precompiled user dll's ...
Registered in 0.001344 seconds.
Begin MonoManager ReloadAssembly
Native extension for WindowsStandalone target not found
Refreshing native plugins compatible for Editor in 0.45 ms, found 1 plugins.
Preloading 0 native plugins for Editor in 0.00 ms.
Invoked RoslynAnalysisRunner static constructor.
RoslynAnalysisRunner will not be running.
RoslynAnalysisRunner has terminated.
Mono: successfully reloaded assembly
- Completed reload, in  0.821 seconds
Platform modules already initialized, skipping
Refreshing native plugins compatible for Editor in 0.30 ms, found 1 plugins.
Preloading 0 native plugins for Editor in 0.00 ms.
Unloading 1806 Unused Serialized files (Serialized files now loaded: 0)
System memory in use before: 88.6 MB.
System memory in use after: 88.6 MB.

Unloading 12 unused Assets to reduce memory usage. Loaded Objects now: 2284.
Total: 1.873500 ms (FindLiveObjects: 0.176700 ms CreateObjectMapping: 0.062400 ms MarkObjects: 1.542200 ms  DeleteObjects: 0.091200 ms)

========================================================================
Received Prepare
Registering precompiled user dll's ...
Registered in 0.001793 seconds.
Begin MonoManager ReloadAssembly
Native extension for WindowsStandalone target not found
Refreshing native plugins compatible for Editor in 0.31 ms, found 1 plugins.
Preloading 0 native plugins for Editor in 0.00 ms.
Invoked RoslynAnalysisRunner static constructor.
RoslynAnalysisRunner will not be running.
RoslynAnalysisRunner has terminated.
Mono: successfully reloaded assembly
- Completed reload, in  0.867 seconds
Platform modules already initialized, skipping
Refreshing native plugins compatible for Editor in 0.30 ms, found 1 plugins.
Preloading 0 native plugins for Editor in 0.00 ms.
Unloading 1806 Unused Serialized files (Serialized files now loaded: 0)
System memory in use before: 88.6 MB.
System memory in use after: 88.6 MB.

Unloading 12 unused Assets to reduce memory usage. Loaded Objects now: 2288.
Total: 1.914800 ms (FindLiveObjects: 0.170200 ms CreateObjectMapping: 0.073800 ms MarkObjects: 1.564800 ms  DeleteObjects: 0.105100 ms)

========================================================================
Received Import Request.
  Time since last request: 344.129259 seconds.
  path: Assets/Prefabs/SkyPlatform.prefab
  artifactKey: Guid(7921e2a86b8780e45a32b7e83919d6be) Importer(815301076,1909f56bfc062723c751e8b465ee728b)
Start importing Assets/Prefabs/SkyPlatform.prefab using Guid(7921e2a86b8780e45a32b7e83919d6be) Importer(815301076,1909f56bfc062723c751e8b465ee728b)  -> (artifact id: 'c859be96143a2a98f6fc9380a3660752') in 0.061177 seconds
  Import took 0.064020 seconds .

========================================================================
Received Import Request.
  Time since last request: 4.388654 seconds.
  path: Assets/Prefabs/SkyPlatform.prefab
  artifactKey: Guid(7921e2a86b8780e45a32b7e83919d6be) Importer(815301076,1909f56bfc062723c751e8b465ee728b)
Start importing Assets/Prefabs/SkyPlatform.prefab using Guid(7921e2a86b8780e45a32b7e83919d6be) Importer(815301076,1909f56bfc062723c751e8b465ee728b)  -> (artifact id: 'fa6885694af0bd6ebd153e30e95c39e1') in 0.011555 seconds
  Import took 0.014359 seconds .

========================================================================
Received Import Request.
  Time since last request: 11.391071 seconds.
  path: Assets/Prefabs/SkyPlatform.prefab
  artifactKey: Guid(7921e2a86b8780e45a32b7e83919d6be) Importer(815301076,1909f56bfc062723c751e8b465ee728b)
Start importing Assets/Prefabs/SkyPlatform.prefab using Guid(7921e2a86b8780e45a32b7e83919d6be) Importer(815301076,1909f56bfc062723c751e8b465ee728b)  -> (artifact id: '1377c5b47148a1e96c6c78d0a4c36e7f') in 0.014557 seconds
  Import took 0.018290 seconds .

========================================================================
Received Prepare
Registering precompiled user dll's ...
Registered in 0.001342 seconds.
Begin MonoManager ReloadAssembly
Native extension for WindowsStandalone target not found
Refreshing native plugins compatible for Editor in 0.37 ms, found 1 plugins.
Preloading 0 native plugins for Editor in 0.00 ms.
Invoked RoslynAnalysisRunner static constructor.
RoslynAnalysisRunner will not be running.
RoslynAnalysisRunner has terminated.
Mono: successfully reloaded assembly
- Completed reload, in  1.023 seconds
Platform modules already initialized, skipping
Refreshing native plugins compatible for Editor in 0.32 ms, found 1 plugins.
Preloading 0 native plugins for Editor in 0.00 ms.
Unloading 1806 Unused Serialized files (Serialized files now loaded: 0)
System memory in use before: 88.6 MB.
System memory in use after: 88.6 MB.

Unloading 12 unused Assets to reduce memory usage. Loaded Objects now: 2293.
Total: 2.125000 ms (FindLiveObjects: 0.241300 ms CreateObjectMapping: 0.078400 ms MarkObjects: 1.700400 ms  DeleteObjects: 0.103800 ms)

========================================================================
Received Import Request.
  Time since last request: 94.123562 seconds.
  path: Assets/Prefabs/SkyPlatform.prefab
  artifactKey: Guid(7921e2a86b8780e45a32b7e83919d6be) Importer(815301076,1909f56bfc062723c751e8b465ee728b)
Start importing Assets/Prefabs/SkyPlatform.prefab using Guid(7921e2a86b8780e45a32b7e83919d6be) Importer(815301076,1909f56bfc062723c751e8b465ee728b)  -> (artifact id: '2aa7bfa7e1dd71bd81973af1ecce3182') in 0.055487 seconds
  Import took 0.059139 seconds .

========================================================================
Received Import Request.
  Time since last request: 6.410143 seconds.
  path: Assets/Prefabs/SkyPlatform.prefab
  artifactKey: Guid(7921e2a86b8780e45a32b7e83919d6be) Importer(815301076,1909f56bfc062723c751e8b465ee728b)
Start importing Assets/Prefabs/SkyPlatform.prefab using Guid(7921e2a86b8780e45a32b7e83919d6be) Importer(815301076,1909f56bfc062723c751e8b465ee728b)  -> (artifact id: '2b07a824fec508a1c2fc07ab2826db36') in 0.012889 seconds
  Import took 0.016359 seconds .

========================================================================
Received Import Request.
  Time since last request: 23.578503 seconds.
  path: ProjectSettings/TagManager.asset
  artifactKey: Guid(00000000000000003000000000000000) Importer(815301076,1909f56bfc062723c751e8b465ee728b)
Start importing ProjectSettings/TagManager.asset using Guid(00000000000000003000000000000000) Importer(815301076,1909f56bfc062723c751e8b465ee728b)  -> (artifact id: 'eaeccd0e25e7d44d1df8bccf6be26014') in 0.012237 seconds
  Import took 0.015829 seconds .

========================================================================
Received Import Request.
  Time since last request: 0.238122 seconds.
  path: ProjectSettings/TagManager.asset
  artifactKey: Guid(00000000000000003000000000000000) Importer(815301076,1909f56bfc062723c751e8b465ee728b)
Start importing ProjectSettings/TagManager.asset using Guid(00000000000000003000000000000000) Importer(815301076,1909f56bfc062723c751e8b465ee728b)  -> (artifact id: 'eaeccd0e25e7d44d1df8bccf6be26014') in 0.004825 seconds
  Import took 0.008032 seconds .

========================================================================
Received Import Request.
  Time since last request: 19.358682 seconds.
  path: Assets/Prefabs/SkyPlatform.prefab
  artifactKey: Guid(7921e2a86b8780e45a32b7e83919d6be) Importer(815301076,1909f56bfc062723c751e8b465ee728b)
Start importing Assets/Prefabs/SkyPlatform.prefab using Guid(7921e2a86b8780e45a32b7e83919d6be) Importer(815301076,1909f56bfc062723c751e8b465ee728b)  -> (artifact id: '8a6c8fa9189001b4bd977a7cf07ba388') in 0.016353 seconds
  Import took 0.020191 seconds .

========================================================================
Received Prepare
Registering precompiled user dll's ...
Registered in 0.001355 seconds.
Begin MonoManager ReloadAssembly
Native extension for WindowsStandalone target not found
Refreshing native plugins compatible for Editor in 0.33 ms, found 1 plugins.
Preloading 0 native plugins for Editor in 0.00 ms.
Invoked RoslynAnalysisRunner static constructor.
RoslynAnalysisRunner will not be running.
RoslynAnalysisRunner has terminated.
Mono: successfully reloaded assembly
- Completed reload, in  1.101 seconds
Platform modules already initialized, skipping
Refreshing native plugins compatible for Editor in 0.52 ms, found 1 plugins.
Preloading 0 native plugins for Editor in 0.00 ms.
Unloading 1806 Unused Serialized files (Serialized files now loaded: 0)
System memory in use before: 88.6 MB.
System memory in use after: 88.6 MB.

Unloading 14 unused Assets to reduce memory usage. Loaded Objects now: 2298.
Total: 3.922200 ms (FindLiveObjects: 0.300100 ms CreateObjectMapping: 0.114500 ms MarkObjects: 3.303600 ms  DeleteObjects: 0.201800 ms)

========================================================================
Received Prepare
Registering precompiled user dll's ...
Registered in 0.001337 seconds.
Begin MonoManager ReloadAssembly
Native extension for WindowsStandalone target not found
Refreshing native plugins compatible for Editor in 0.31 ms, found 1 plugins.
Preloading 0 native plugins for Editor in 0.00 ms.
Invoked RoslynAnalysisRunner static constructor.
RoslynAnalysisRunner will not be running.
RoslynAnalysisRunner has terminated.
Mono: successfully reloaded assembly
- Completed reload, in  0.943 seconds
Platform modules already initialized, skipping
Refreshing native plugins compatible for Editor in 0.37 ms, found 1 plugins.
Preloading 0 native plugins for Editor in 0.00 ms.
Unloading 1806 Unused Serialized files (Serialized files now loaded: 0)
System memory in use before: 88.6 MB.
System memory in use after: 88.6 MB.

Unloading 12 unused Assets to reduce memory usage. Loaded Objects now: 2302.
Total: 1.837000 ms (FindLiveObjects: 0.213700 ms CreateObjectMapping: 0.078300 ms MarkObjects: 1.443300 ms  DeleteObjects: 0.100600 ms)

========================================================================
Received Prepare
Refreshing native plugins compatible for Editor in 353.00 ms, found 1 plugins.
Preloading 0 native plugins for Editor in 0.00 ms.
Unloading 10 Unused Serialized files (Serialized files now loaded: 0)
System memory in use before: 52.6 MB.
System memory in use after: 52.5 MB.

Unloading 10 unused Assets to reduce memory usage. Loaded Objects now: 2302.
Total: 2.432500 ms (FindLiveObjects: 0.214100 ms CreateObjectMapping: 0.059600 ms MarkObjects: 1.975400 ms  DeleteObjects: 0.182200 ms)

AssetImportWorkerClient::OnTransportError - code=2 error=End of file
